\BOOKMARK [0][-]{chapter*.7}{\376\377\000I\000n\000t\000r\000o\000d\000u\000c\000t\000i\000o\000n}{}% 1
\BOOKMARK [0][-]{chapter.1}{\376\377\000O\000v\000e\000r\000v\000i\000e\000w}{}% 2
\BOOKMARK [1][-]{section.1.1}{\376\377\000T\000r\000a\000d\000i\000t\000i\000o\000n\000a\000l\000\040\000m\000e\000a\000s\000u\000r\000i\000n\000g\000\040\000m\000e\000t\000h\000o\000d\000s}{chapter.1}% 3
\BOOKMARK [2][-]{subsection.1.1.1}{\376\377\000H\000a\000n\000d\000\040\000m\000e\000a\000s\000u\000r\000e\000m\000e\000n\000t}{section.1.1}% 4
\BOOKMARK [2][-]{subsection.1.1.2}{\376\377\000D\000i\000g\000i\000t\000a\000l\000\040\000m\000e\000a\000s\000u\000r\000i\000n\000g\000\040\000o\000n\000\040\0003\000D\000\040\000m\000o\000d\000e\000l}{section.1.1}% 5
\BOOKMARK [1][-]{section.1.2}{\376\377\000O\000b\000s\000t\000a\000c\000l\000e\000s}{chapter.1}% 6
\BOOKMARK [1][-]{section.1.3}{\376\377\000P\000r\000o\000b\000l\000e\000m\000\040\000s\000p\000e\000c\000i\000f\000i\000c\000a\000t\000i\000o\000n}{chapter.1}% 7
\BOOKMARK [1][-]{section.1.4}{\376\377\000S\000M\000P\000L}{chapter.1}% 8
\BOOKMARK [1][-]{section.1.5}{\376\377\000N\000e\000u\000r\000a\000l\000\040\000n\000e\000t\000w\000o\000r\000k}{chapter.1}% 9
\BOOKMARK [2][-]{subsection.1.5.1}{\376\377\000L\000i\000n\000e\000a\000r\000\040\000r\000e\000g\000r\000e\000s\000s\000i\000o\000n}{section.1.5}% 10
\BOOKMARK [1][-]{section.1.6}{\376\377\000K\000e\000r\000a\000s}{chapter.1}% 11
\BOOKMARK [1][-]{section.1.7}{\376\377\000O\000p\000e\000n\000C\000V}{chapter.1}% 12
\BOOKMARK [0][-]{chapter.2}{\376\377\000R\000e\000l\000a\000t\000e\000d\000\040\000W\000o\000r\000k}{}% 13
\BOOKMARK [1][-]{section.2.1}{\376\377\000S\000u\000p\000e\000r\000\050\000\051}{chapter.2}% 14
\BOOKMARK [1][-]{section.2.2}{\376\377\000A\000d\000v\000e\000r\000s\000a\000r\000i\000a\000l\000\040\000B\000o\000d\000y\000\040\000S\000i\000m}{chapter.2}% 15
\BOOKMARK [0][-]{chapter.3}{\376\377\000D\000a\000t\000a\000s\000e\000t\000\040\000o\000v\000e\000r\000v\000i\000e\000w}{}% 16
\BOOKMARK [1][-]{section.3.1}{\376\377\000S\000u\000r\000r\000e\000a\000c\000t}{chapter.3}% 17
\BOOKMARK [2][-]{subsection.3.1.1}{\376\377\000D\000e\000s\000c\000r\000i\000p\000t\000i\000o\000n}{section.3.1}% 18
\BOOKMARK [2][-]{subsection.3.1.2}{\376\377\000S\000M\000P\000L}{section.3.1}% 19
\BOOKMARK [1][-]{section.3.2}{\376\377\000B\000o\000d\000y\000M}{chapter.3}% 20
\BOOKMARK [2][-]{subsection.3.2.1}{\376\377\000O\000v\000e\000r\000v\000i\000e\000w}{section.3.2}% 21
\BOOKMARK [0][-]{chapter.4}{\376\377\000D\000e\000v\000e\000l\000o\000p\000m\000e\000n\000t}{}% 22
\BOOKMARK [1][-]{section.4.1}{\376\377\000S\000u\000g\000g\000e\000s\000t\000e\000d\000\040\000a\000p\000p\000r\000o\000a\000c\000h}{chapter.4}% 23
\BOOKMARK [1][-]{section.4.2}{\376\377\000S\000e\000t\000t\000i\000n\000g\000\040\000u\000p\000\040\000n\000e\000t\000w\000o\000r\000k}{chapter.4}% 24
\BOOKMARK [1][-]{section.4.3}{\376\377\000F\000i\000g\000u\000r\000i\000n\000g\000\040\000o\000u\000t\000\040\000m\000e\000a\000s\000u\000r\000e\000m\000e\000n\000t\000s}{chapter.4}% 25
\BOOKMARK [1][-]{section.4.4}{\376\377\000O\000p\000t\000i\000m\000a\000l\000i\000z\000a\000t\000i\000o\000n\000s}{chapter.4}% 26
\BOOKMARK [2][-]{subsection.4.4.1}{\376\377\000I\000n\000c\000l\000u\000d\000i\000n\000g\000\040\000B\000o\000d\000y\000M\000\040\000i\000n\000\040\000t\000r\000a\000i\000n\000i\000n\000g}{section.4.4}% 27
\BOOKMARK [2][-]{subsection.4.4.2}{\376\377\000A\000d\000d\000i\000n\000g\000\040\000h\000e\000i\000g\000h\000t}{section.4.4}% 28
\BOOKMARK [2][-]{subsection.4.4.3}{\376\377\000A\000d\000d\000i\000n\000g\000\040\000l\000a\000t\000e\000r\000a\000l\000\040\000i\000m\000a\000g\000e}{section.4.4}% 29
\BOOKMARK [2][-]{subsection.4.4.4}{\376\377\000C\000o\000m\000b\000i\000n\000a\000t\000i\000o\000n\000s}{section.4.4}% 30
\BOOKMARK [0][-]{chapter.5}{\376\377\000R\000e\000s\000u\000l\000t\000s}{}% 31
\BOOKMARK [0][-]{chapter.6}{\376\377\000C\000o\000n\000c\000l\000u\000s\000i\000o\000n}{}% 32
